[92mINFO[0m:     03/31/2025 01:46:42 PM                    app_base.py   57: Sentry initialized
[94mNOTICE[0m:   03/31/2025 01:46:43 PM      variable_functionality.py   29: Enterprise Edition enabled
[92mINFO[0m:     03/31/2025 01:46:57 PM                        main.py  282: Sentry initialized
[94mNOTICE[0m:   03/31/2025 01:46:58 PM                        main.py  196: System recursion limit set to 1000
[92mINFO[0m:     03/31/2025 01:46:58 PM                      engine.py  220: Creating engine with kwargs: {'pool_size': 40, 'max_overflow': 10, 'pool_pre_ping': False, 'pool_recycle': 1200}
[94mNOTICE[0m:   03/31/2025 01:46:58 PM                       users.py   75: Using Auth Type: basic
[94mNOTICE[0m:   03/31/2025 01:46:58 PM                        main.py  214: Both OAuth Client ID and Secret are configured.
[94mNOTICE[0m:   03/31/2025 01:46:59 PM                       setup.py  104: Using Embedding model: "nomic-ai/nomic-embed-text-v1"
[94mNOTICE[0m:   03/31/2025 01:46:59 PM                       setup.py  106: Query embedding prefix: "search_query: "
[94mNOTICE[0m:   03/31/2025 01:46:59 PM                       setup.py  107: Passage embedding prefix: "search_document: "
[94mNOTICE[0m:   03/31/2025 01:46:59 PM                       setup.py  111: Reranking is enabled.
[94mNOTICE[0m:   03/31/2025 01:46:59 PM                       setup.py  124: Verifying query preprocessing (NLTK) data is downloaded
[92mINFO[0m:     03/31/2025 01:46:59 PM               search_runner.py   49: stopwords is already downloaded.
[92mINFO[0m:     03/31/2025 01:46:59 PM               search_runner.py   49: punkt is already downloaded.
[94mNOTICE[0m:   03/31/2025 01:46:59 PM                       setup.py  276: Verifying default connector/credential exist.
[94mNOTICE[0m:   03/31/2025 01:46:59 PM                       setup.py  282: Loading built-in tools
[94mNOTICE[0m:   03/31/2025 01:46:59 PM              built_in_tools.py   84: Updated tool: SearchTool
[94mNOTICE[0m:   03/31/2025 01:46:59 PM              built_in_tools.py   84: Updated tool: ImageGenerationTool
[94mNOTICE[0m:   03/31/2025 01:46:59 PM              built_in_tools.py  104: All built-in tools are loaded/verified.
[94mNOTICE[0m:   03/31/2025 01:46:59 PM                       setup.py  285: Loading default Prompts and Personas
[94mNOTICE[0m:   03/31/2025 01:46:59 PM              built_in_tools.py  157: Added SearchTool to Persona ID: 0
[94mNOTICE[0m:   03/31/2025 01:46:59 PM              built_in_tools.py  157: Added SearchTool to Persona ID: -2
[94mNOTICE[0m:   03/31/2025 01:46:59 PM              built_in_tools.py  161: Completed adding SearchTool to relevant Personas.
[94mNOTICE[0m:   03/31/2025 01:46:59 PM                       setup.py  211: No search config found in KV store.
[94mNOTICE[0m:   03/31/2025 01:46:59 PM                       setup.py  139: Verifying Document Index(s) is/are available.
[94mNOTICE[0m:   03/31/2025 01:46:59 PM                       setup.py  245: Setting up Vespa (attempt 1/10)...
[94mNOTICE[0m:   03/31/2025 01:46:59 PM                       index.py  195: Deploying Vespa application package to http://localhost:19071/application/v2/tenant/default/prepareandactivate
[94mNOTICE[0m:   03/31/2025 01:47:00 PM                       setup.py  261: Vespa setup complete.
[94mNOTICE[0m:   03/31/2025 01:47:00 PM                       setup.py  155: Model Server: http://localhost:9000
[92mINFO[0m:     03/31/2025 01:47:00 PM                       utils.py  130: Initialized HuggingFaceTokenizer for: nomic-ai/nomic-embed-text-v1
[92mINFO[0m:     03/31/2025 01:47:00 PM           search_nlp_models.py  455: Attempt 1/20 failed; retrying in 5 seconds...
[92mINFO[0m:     03/31/2025 01:47:05 PM           search_nlp_models.py  455: Attempt 2/20 failed; retrying in 5 seconds...
[92mINFO[0m:     03/31/2025 01:47:10 PM           search_nlp_models.py  455: Attempt 3/20 failed; retrying in 5 seconds...
[92mINFO[0m:     03/31/2025 01:47:15 PM           search_nlp_models.py  455: Attempt 4/20 failed; retrying in 5 seconds...
